CRITICAL - 2021-01-22 11:10:49 --> Use of undefined constant html - assumed 'html' (this will throw an Error in a future version of PHP)
#0 D:\xampp\htdocs\SenelCI\vendor\codeigniter4\framework\system\CodeIgniter.php(890): CodeIgniter\Debug\Exceptions->errorHandler(2, 'Use of undefine...', 'D:\\xampp\\htdocs...', 890, Array)
#1 D:\xampp\htdocs\SenelCI\vendor\codeigniter4\framework\system\CodeIgniter.php(399): CodeIgniter\CodeIgniter->createController()
#2 D:\xampp\htdocs\SenelCI\vendor\codeigniter4\framework\system\CodeIgniter.php(312): CodeIgniter\CodeIgniter->handleRequest(NULL, Object(Config\Cache), false)
#3 D:\xampp\htdocs\SenelCI\public\index.php(45): CodeIgniter\CodeIgniter->run()
#4 {main}
CRITICAL - 2021-01-22 13:50:46 --> Use of undefined constant html - assumed 'html' (this will throw an Error in a future version of PHP)
#0 D:\xampp\htdocs\SenelCI\vendor\codeigniter4\framework\system\CodeIgniter.php(890): CodeIgniter\Debug\Exceptions->errorHandler(2, 'Use of undefine...', 'D:\\xampp\\htdocs...', 890, Array)
#1 D:\xampp\htdocs\SenelCI\vendor\codeigniter4\framework\system\CodeIgniter.php(399): CodeIgniter\CodeIgniter->createController()
#2 D:\xampp\htdocs\SenelCI\vendor\codeigniter4\framework\system\CodeIgniter.php(312): CodeIgniter\CodeIgniter->handleRequest(NULL, Object(Config\Cache), false)
#3 D:\xampp\htdocs\SenelCI\public\index.php(45): CodeIgniter\CodeIgniter->run()
#4 {main}
CRITICAL - 2021-01-22 13:50:51 --> Use of undefined constant html - assumed 'html' (this will throw an Error in a future version of PHP)
#0 D:\xampp\htdocs\SenelCI\vendor\codeigniter4\framework\system\CodeIgniter.php(890): CodeIgniter\Debug\Exceptions->errorHandler(2, 'Use of undefine...', 'D:\\xampp\\htdocs...', 890, Array)
#1 D:\xampp\htdocs\SenelCI\vendor\codeigniter4\framework\system\CodeIgniter.php(399): CodeIgniter\CodeIgniter->createController()
#2 D:\xampp\htdocs\SenelCI\vendor\codeigniter4\framework\system\CodeIgniter.php(312): CodeIgniter\CodeIgniter->handleRequest(NULL, Object(Config\Cache), false)
#3 D:\xampp\htdocs\SenelCI\public\index.php(45): CodeIgniter\CodeIgniter->run()
#4 {main}
CRITICAL - 2021-01-22 13:51:48 --> Use of undefined constant html - assumed 'html' (this will throw an Error in a future version of PHP)
#0 D:\xampp\htdocs\SenelCI\vendor\codeigniter4\framework\system\CodeIgniter.php(890): CodeIgniter\Debug\Exceptions->errorHandler(2, 'Use of undefine...', 'D:\\xampp\\htdocs...', 890, Array)
#1 D:\xampp\htdocs\SenelCI\vendor\codeigniter4\framework\system\CodeIgniter.php(399): CodeIgniter\CodeIgniter->createController()
#2 D:\xampp\htdocs\SenelCI\vendor\codeigniter4\framework\system\CodeIgniter.php(312): CodeIgniter\CodeIgniter->handleRequest(NULL, Object(Config\Cache), false)
#3 D:\xampp\htdocs\SenelCI\public\index.php(45): CodeIgniter\CodeIgniter->run()
#4 {main}
CRITICAL - 2021-01-22 13:58:26 --> Use of undefined constant html - assumed 'html' (this will throw an Error in a future version of PHP)
#0 D:\xampp\htdocs\SenelCI\vendor\codeigniter4\framework\system\CodeIgniter.php(890): CodeIgniter\Debug\Exceptions->errorHandler(2, 'Use of undefine...', 'D:\\xampp\\htdocs...', 890, Array)
#1 D:\xampp\htdocs\SenelCI\vendor\codeigniter4\framework\system\CodeIgniter.php(399): CodeIgniter\CodeIgniter->createController()
#2 D:\xampp\htdocs\SenelCI\vendor\codeigniter4\framework\system\CodeIgniter.php(312): CodeIgniter\CodeIgniter->handleRequest(NULL, Object(Config\Cache), false)
#3 D:\xampp\htdocs\SenelCI\public\index.php(45): CodeIgniter\CodeIgniter->run()
#4 {main}
CRITICAL - 2021-01-22 13:59:03 --> Use of undefined constant html - assumed 'html' (this will throw an Error in a future version of PHP)
#0 D:\xampp\htdocs\SenelCI\vendor\codeigniter4\framework\system\CodeIgniter.php(890): CodeIgniter\Debug\Exceptions->errorHandler(2, 'Use of undefine...', 'D:\\xampp\\htdocs...', 890, Array)
#1 D:\xampp\htdocs\SenelCI\vendor\codeigniter4\framework\system\CodeIgniter.php(399): CodeIgniter\CodeIgniter->createController()
#2 D:\xampp\htdocs\SenelCI\vendor\codeigniter4\framework\system\CodeIgniter.php(312): CodeIgniter\CodeIgniter->handleRequest(NULL, Object(Config\Cache), false)
#3 D:\xampp\htdocs\SenelCI\public\index.php(45): CodeIgniter\CodeIgniter->run()
#4 {main}
CRITICAL - 2021-01-22 14:00:23 --> Use of undefined constant html - assumed 'html' (this will throw an Error in a future version of PHP)
#0 D:\xampp\htdocs\SenelCI\vendor\codeigniter4\framework\system\CodeIgniter.php(890): CodeIgniter\Debug\Exceptions->errorHandler(2, 'Use of undefine...', 'D:\\xampp\\htdocs...', 890, Array)
#1 D:\xampp\htdocs\SenelCI\vendor\codeigniter4\framework\system\CodeIgniter.php(399): CodeIgniter\CodeIgniter->createController()
#2 D:\xampp\htdocs\SenelCI\vendor\codeigniter4\framework\system\CodeIgniter.php(312): CodeIgniter\CodeIgniter->handleRequest(NULL, Object(Config\Cache), false)
#3 D:\xampp\htdocs\SenelCI\public\index.php(45): CodeIgniter\CodeIgniter->run()
#4 {main}
CRITICAL - 2021-01-22 14:00:24 --> Use of undefined constant html - assumed 'html' (this will throw an Error in a future version of PHP)
#0 D:\xampp\htdocs\SenelCI\vendor\codeigniter4\framework\system\CodeIgniter.php(890): CodeIgniter\Debug\Exceptions->errorHandler(2, 'Use of undefine...', 'D:\\xampp\\htdocs...', 890, Array)
#1 D:\xampp\htdocs\SenelCI\vendor\codeigniter4\framework\system\CodeIgniter.php(399): CodeIgniter\CodeIgniter->createController()
#2 D:\xampp\htdocs\SenelCI\vendor\codeigniter4\framework\system\CodeIgniter.php(312): CodeIgniter\CodeIgniter->handleRequest(NULL, Object(Config\Cache), false)
#3 D:\xampp\htdocs\SenelCI\public\index.php(45): CodeIgniter\CodeIgniter->run()
#4 {main}
CRITICAL - 2021-01-22 14:00:24 --> Use of undefined constant html - assumed 'html' (this will throw an Error in a future version of PHP)
#0 D:\xampp\htdocs\SenelCI\vendor\codeigniter4\framework\system\CodeIgniter.php(890): CodeIgniter\Debug\Exceptions->errorHandler(2, 'Use of undefine...', 'D:\\xampp\\htdocs...', 890, Array)
#1 D:\xampp\htdocs\SenelCI\vendor\codeigniter4\framework\system\CodeIgniter.php(399): CodeIgniter\CodeIgniter->createController()
#2 D:\xampp\htdocs\SenelCI\vendor\codeigniter4\framework\system\CodeIgniter.php(312): CodeIgniter\CodeIgniter->handleRequest(NULL, Object(Config\Cache), false)
#3 D:\xampp\htdocs\SenelCI\public\index.php(45): CodeIgniter\CodeIgniter->run()
#4 {main}
CRITICAL - 2021-01-22 14:00:25 --> Use of undefined constant html - assumed 'html' (this will throw an Error in a future version of PHP)
#0 D:\xampp\htdocs\SenelCI\vendor\codeigniter4\framework\system\CodeIgniter.php(890): CodeIgniter\Debug\Exceptions->errorHandler(2, 'Use of undefine...', 'D:\\xampp\\htdocs...', 890, Array)
#1 D:\xampp\htdocs\SenelCI\vendor\codeigniter4\framework\system\CodeIgniter.php(399): CodeIgniter\CodeIgniter->createController()
#2 D:\xampp\htdocs\SenelCI\vendor\codeigniter4\framework\system\CodeIgniter.php(312): CodeIgniter\CodeIgniter->handleRequest(NULL, Object(Config\Cache), false)
#3 D:\xampp\htdocs\SenelCI\public\index.php(45): CodeIgniter\CodeIgniter->run()
#4 {main}
CRITICAL - 2021-01-22 14:00:25 --> Use of undefined constant html - assumed 'html' (this will throw an Error in a future version of PHP)
#0 D:\xampp\htdocs\SenelCI\vendor\codeigniter4\framework\system\CodeIgniter.php(890): CodeIgniter\Debug\Exceptions->errorHandler(2, 'Use of undefine...', 'D:\\xampp\\htdocs...', 890, Array)
#1 D:\xampp\htdocs\SenelCI\vendor\codeigniter4\framework\system\CodeIgniter.php(399): CodeIgniter\CodeIgniter->createController()
#2 D:\xampp\htdocs\SenelCI\vendor\codeigniter4\framework\system\CodeIgniter.php(312): CodeIgniter\CodeIgniter->handleRequest(NULL, Object(Config\Cache), false)
#3 D:\xampp\htdocs\SenelCI\public\index.php(45): CodeIgniter\CodeIgniter->run()
#4 {main}
CRITICAL - 2021-01-22 14:00:25 --> Use of undefined constant html - assumed 'html' (this will throw an Error in a future version of PHP)
#0 D:\xampp\htdocs\SenelCI\vendor\codeigniter4\framework\system\CodeIgniter.php(890): CodeIgniter\Debug\Exceptions->errorHandler(2, 'Use of undefine...', 'D:\\xampp\\htdocs...', 890, Array)
#1 D:\xampp\htdocs\SenelCI\vendor\codeigniter4\framework\system\CodeIgniter.php(399): CodeIgniter\CodeIgniter->createController()
#2 D:\xampp\htdocs\SenelCI\vendor\codeigniter4\framework\system\CodeIgniter.php(312): CodeIgniter\CodeIgniter->handleRequest(NULL, Object(Config\Cache), false)
#3 D:\xampp\htdocs\SenelCI\public\index.php(45): CodeIgniter\CodeIgniter->run()
#4 {main}
CRITICAL - 2021-01-22 14:16:25 --> Use of undefined constant html - assumed 'html' (this will throw an Error in a future version of PHP)
#0 D:\xampp\htdocs\SenelCI\vendor\codeigniter4\framework\system\CodeIgniter.php(890): CodeIgniter\Debug\Exceptions->errorHandler(2, 'Use of undefine...', 'D:\\xampp\\htdocs...', 890, Array)
#1 D:\xampp\htdocs\SenelCI\vendor\codeigniter4\framework\system\CodeIgniter.php(399): CodeIgniter\CodeIgniter->createController()
#2 D:\xampp\htdocs\SenelCI\vendor\codeigniter4\framework\system\CodeIgniter.php(312): CodeIgniter\CodeIgniter->handleRequest(NULL, Object(Config\Cache), false)
#3 D:\xampp\htdocs\SenelCI\public\index.php(45): CodeIgniter\CodeIgniter->run()
#4 {main}
